[INFO] 2022-07-20 22:46:34,394 - Cookies Pop-up Shown
[INFO] 2022-07-20 22:46:34,459 - Cookies Pop-up Succesfully Accepted
[INFO] 2022-07-20 22:46:36,097 - Searched for: Funny Videos (default)
[INFO] 2022-07-20 22:46:38,630 - Ad is showing
[INFO] 2022-07-20 22:46:39,191 - Skippable Ad after 5s
[INFO] 2022-07-20 22:46:44,789 - Ad Skipped
[INFO] 2022-07-20 22:46:44,836 - Recording length: 10s
[INFO] 2022-07-20 22:46:44,836 - Recording started
[INFO] 2022-07-20 22:46:56,870 - Recording ended
[INFO] 2022-07-20 22:55:54,798 - Cookies Pop-up Shown
[INFO] 2022-07-20 22:55:54,902 - Cookies Pop-up Succesfully Accepted
[INFO] 2022-07-20 22:55:56,480 - Searched for: Ian Mountain Dew 
[INFO] 2022-07-20 22:55:58,643 - Recording length: 10s
[INFO] 2022-07-20 22:55:58,644 - Recording started
[INFO] 2022-07-20 22:59:56,002 - Cookies Pop-up Not Shown
[INFO] 2022-07-20 22:59:57,677 - Searched for: Ian 
[INFO] 2022-07-20 22:59:59,643 - Ad is showing
[INFO] 2022-07-20 23:00:00,288 - Skippable Ad after 5s
[INFO] 2022-07-20 23:00:05,910 - Ad Skipped
[INFO] 2022-07-20 23:00:05,934 - Recording length: 10s
[INFO] 2022-07-20 23:00:05,934 - Recording started
[INFO] 2022-07-20 23:00:19,795 - Recording ended
[INFO] 2022-07-20 23:06:45,155 - Cookies Pop-up Shown
[INFO] 2022-07-20 23:06:45,271 - Cookies Pop-up Succesfully Accepted
[INFO] 2022-07-20 23:06:46,817 - Searched for: 3 Second Video 
[INFO] 2022-07-20 23:06:49,007 - Recording length: 10s
[INFO] 2022-07-20 23:06:49,009 - Recording started
[INFO] 2022-07-20 23:06:51,919 - Recording ended
[INFO] 2022-07-21 01:39:00,112 - Cookies Pop-up Shown
[INFO] 2022-07-21 01:39:00,246 - Cookies Pop-up Succesfully Accepted
[INFO] 2022-07-21 01:39:01,832 - Searched for: Funny Videos (default)
[INFO] 2022-07-21 01:39:03,960 - Ad is showing
[INFO] 2022-07-21 01:39:04,600 - Unskippable Ad of 09s
[INFO] 2022-07-21 01:39:14,159 - Ad is showing
[INFO] 2022-07-21 01:39:14,730 - Unskippable Ad of 05s
[INFO] 2022-07-21 01:39:20,255 - Ad is showing
[INFO] 2022-07-21 01:50:44,905 - Cookies Pop-up Shown
[INFO] 2022-07-21 01:50:44,981 - Cookies Pop-up Succesfully Accepted
[INFO] 2022-07-21 02:00:08,004 - Cookies Pop-up Shown
[INFO] 2022-07-21 02:00:08,132 - Cookies Pop-up Succesfully Accepted
[INFO] 2022-07-21 02:00:09,807 - Searched for: Funny Videos (default)
[INFO] 2022-07-21 02:00:43,655 - Cookies Pop-up Shown
[INFO] 2022-07-21 02:00:43,715 - Cookies Pop-up Succesfully Accepted
[INFO] 2022-07-21 02:00:45,302 - Searched for: Funny Videos (default)
[INFO] 2022-07-21 02:00:47,323 - Ad is showing
[INFO] 2022-07-21 02:00:47,901 - Unskippable Ad of 09s
[INFO] 2022-07-21 02:00:57,440 - Ad is showing
[INFO] 2022-07-21 02:00:58,001 - Unskippable Ad of 06s
[INFO] 2022-07-21 02:01:04,551 - Recording length: 10s
[INFO] 2022-07-21 02:01:04,552 - Recording started
[INFO] 2022-07-21 02:01:17,513 - Recording ended
[INFO] 2022-07-21 02:40:10,738 - Cookies Pop-up Shown
[INFO] 2022-07-21 02:40:10,856 - Cookies Pop-up Succesfully Accepted
[INFO] 2022-07-21 02:40:12,527 - Searched for: Funny Videos (default)
[INFO] 2022-07-21 02:40:14,689 - Ad is showing
[INFO] 2022-07-21 02:40:15,325 - Unskippable Ad of 09s
[INFO] 2022-07-21 02:40:24,892 - Ad is showing
[INFO] 2022-07-21 02:40:25,458 - Unskippable Ad of 05s
[INFO] 2022-07-21 02:40:30,970 - Ad is showing
[INFO] 2022-07-21 02:40:45,540 - Cookies Pop-up Shown
[INFO] 2022-07-21 02:40:45,596 - Cookies Pop-up Succesfully Accepted
[INFO] 2022-07-21 02:40:47,156 - Searched for: Funny Videos (default)
[INFO] 2022-07-21 02:40:49,374 - Ad is showing
[INFO] 2022-07-21 02:40:49,943 - Unskippable Ad of 09s
[INFO] 2022-07-21 02:40:59,471 - Ad is showing
[INFO] 2022-07-21 02:41:00,029 - Unskippable Ad of 05s
[INFO] 2022-07-21 02:41:05,550 - Ad is showing
[INFO] 2022-07-21 02:41:39,567 - Cookies Pop-up Shown
[INFO] 2022-07-21 02:41:39,688 - Cookies Pop-up Succesfully Accepted
[INFO] 2022-07-21 02:41:41,239 - Searched for: Funny Videos (default)
[INFO] 2022-07-21 02:41:43,371 - Ad is showing
[INFO] 2022-07-21 02:41:43,994 - Unskippable Ad of 09s
[INFO] 2022-07-21 02:41:53,574 - Ad is showing
[INFO] 2022-07-21 02:41:54,114 - Skippable Ad after 5s
[INFO] 2022-07-21 02:41:59,739 - Ad Skipped
[INFO] 2022-07-21 02:41:59,874 - Recording started
[INFO] 2022-07-21 02:42:15,530 - Recording ended
[INFO] 2022-07-21 02:43:33,065 - Cookies Pop-up Not Shown
[INFO] 2022-07-21 02:43:34,585 - Searched for: Funny Videos (default)
[INFO] 2022-07-21 02:43:36,439 - Ad is showing
[INFO] 2022-07-21 02:43:37,017 - Unskippable Ad of 05s
[INFO] 2022-07-21 02:43:42,538 - Ad is showing
[INFO] 2022-07-21 02:43:43,114 - Unskippable Ad of 05s
[INFO] 2022-07-21 02:43:48,630 - Ad is showing
[INFO] 2022-07-21 02:44:22,990 - Cookies Pop-up Shown
[INFO] 2022-07-21 02:44:23,109 - Cookies Pop-up Succesfully Accepted
[INFO] 2022-07-21 02:44:24,707 - Searched for: Funny Videos (default)
[INFO] 2022-07-21 02:44:26,647 - Ad is showing
[INFO] 2022-07-21 02:44:27,276 - Unskippable Ad of 09s
[INFO] 2022-07-21 02:44:37,307 - Ad is showing
[INFO] 2022-07-21 02:44:37,870 - Unskippable Ad of 09s
[INFO] 2022-07-21 02:44:48,008 - Recording started
[INFO] 2022-07-21 02:45:10,212 - Recording ended
[INFO] 2022-07-21 02:46:19,450 - Cookies Pop-up Shown
[INFO] 2022-07-21 02:46:19,562 - Cookies Pop-up Succesfully Accepted
[INFO] 2022-07-21 02:46:21,135 - Searched for: Funny Videos (default)
[INFO] 2022-07-21 02:46:23,126 - Ad is showing
[INFO] 2022-07-21 02:46:23,755 - Unskippable Ad of 09s
[INFO] 2022-07-21 02:46:33,778 - Ad is showing
[INFO] 2022-07-21 02:46:34,337 - Unskippable Ad of 05s
[INFO] 2022-07-21 02:46:40,473 - Recording started
[INFO] 2022-07-21 02:46:59,302 - Recording ended
[INFO] 2022-07-21 02:47:28,372 - Cookies Pop-up Not Shown
[INFO] 2022-07-21 02:47:29,893 - Searched for: Funny Videos (default)
[INFO] 2022-07-21 02:47:31,699 - Ad is showing
[INFO] 2022-07-21 02:47:32,350 - Unskippable Ad of 05s
[INFO] 2022-07-21 02:47:38,376 - Ad is showing
[INFO] 2022-07-21 02:47:38,921 - Skippable Ad after 5s
[INFO] 2022-07-21 02:47:44,550 - Ad Skipped
[INFO] 2022-07-21 02:47:44,692 - Recording started
[INFO] 2022-07-21 02:48:03,411 - Recording ended
[INFO] 2022-07-21 03:00:11,969 - Cookies Pop-up Not Shown
[INFO] 2022-07-21 03:00:13,487 - Searched for: Funny Videos (default)
[INFO] 2022-07-21 03:00:16,049 - Ad is showing
[INFO] 2022-07-21 03:00:16,625 - Unskippable Ad of 05s
[INFO] 2022-07-21 03:00:22,653 - Ad is showing
[INFO] 2022-07-21 03:00:23,220 - Unskippable Ad of 05s
[INFO] 2022-07-21 03:00:29,245 - Recording ended
[INFO] 2022-07-21 03:02:45,061 - Cookies Pop-up Shown
[INFO] 2022-07-21 03:02:45,190 - Cookies Pop-up Succesfully Accepted
[INFO] 2022-07-21 03:02:46,833 - Searched for: Funny Videos (default)
[INFO] 2022-07-21 03:02:48,943 - Ad is showing
[INFO] 2022-07-21 03:02:49,565 - Unskippable Ad of 05s
[INFO] 2022-07-21 03:02:55,588 - Ad is showing
[INFO] 2022-07-21 03:02:56,150 - Unskippable Ad of 09s
[INFO] 2022-07-21 03:03:06,173 - Recording Started
[INFO] 2022-07-21 03:04:39,556 - Cookies Pop-up Shown
[INFO] 2022-07-21 03:04:39,694 - Cookies Pop-up Succesfully Accepted
[INFO] 2022-07-21 03:04:41,258 - Searched for: Funny Videos (default)
[INFO] 2022-07-21 03:04:43,320 - Ad is showing
[INFO] 2022-07-21 03:04:43,950 - Unskippable Ad of 09s
[INFO] 2022-07-21 03:04:53,978 - Ad is showing
[INFO] 2022-07-21 03:04:54,547 - Unskippable Ad of 09s
[INFO] 2022-07-21 03:05:04,579 - Recording Started
[INFO] 2022-07-21 03:05:04,581 - Recording ended
[INFO] 2022-07-21 03:06:01,394 - Cookies Pop-up Shown
[INFO] 2022-07-21 03:06:01,455 - Cookies Pop-up Succesfully Accepted
[INFO] 2022-07-21 03:06:02,998 - Searched for: Funny Videos (default)
[INFO] 2022-07-21 03:06:05,035 - Ad is showing
[INFO] 2022-07-21 03:06:05,660 - Unskippable Ad of 05s
[INFO] 2022-07-21 03:06:11,687 - Ad is showing
[INFO] 2022-07-21 03:06:12,253 - Unskippable Ad of 05s
[INFO] 2022-07-21 03:06:18,276 - Recording Started
[INFO] 2022-07-21 03:06:18,278 - Recording ended
[INFO] 2022-07-21 03:06:32,721 - Cookies Pop-up Not Shown
[INFO] 2022-07-21 03:06:34,237 - Searched for: Funny Videos (default)
[INFO] 2022-07-21 03:06:36,097 - Ad is showing
[INFO] 2022-07-21 03:06:36,692 - Unskippable Ad of 05s
[INFO] 2022-07-21 03:06:42,725 - Ad is showing
[INFO] 2022-07-21 03:06:43,270 - Unskippable Ad of 05s
[INFO] 2022-07-21 03:06:49,300 - Recording Started
[INFO] 2022-07-21 03:06:49,301 - Recording ended
[INFO] 2022-07-21 03:08:07,074 - Cookies Pop-up Shown
[INFO] 2022-07-21 03:08:07,230 - Cookies Pop-up Succesfully Accepted
[INFO] 2022-07-21 03:08:08,815 - Searched for: Funny Videos (default)
[INFO] 2022-07-21 03:08:10,743 - Ad is showing
[INFO] 2022-07-21 03:08:11,370 - Unskippable Ad of 09s
[INFO] 2022-07-21 03:08:21,407 - Ad is showing
[INFO] 2022-07-21 03:08:21,975 - Unskippable Ad of 14s
[INFO] 2022-07-21 03:08:36,993 - Recording Started
[INFO] 2022-07-21 03:08:36,993 - Recording ended
[INFO] 2022-07-21 03:08:36,997 - Video Recording Started on thread thread1
[INFO] 2022-07-21 03:08:37,163 - Audio Recording Started on thread thread2
[INFO] 2022-07-21 03:13:47,074 - Cookies Pop-up Shown
[INFO] 2022-07-21 03:13:47,152 - Cookies Pop-up Succesfully Accepted
[INFO] 2022-07-21 03:13:48,866 - Searched for: Funny Videos (default)
[INFO] 2022-07-21 03:13:51,058 - Ad is showing
[INFO] 2022-07-21 03:13:51,739 - Unskippable Ad of 09s
[INFO] 2022-07-21 03:14:01,770 - Ad is showing
[INFO] 2022-07-21 03:14:02,311 - Skippable Ad after 5s
[INFO] 2022-07-21 03:14:07,924 - Ad Skipped
[INFO] 2022-07-21 03:14:07,944 - Recording Started
[INFO] 2022-07-21 03:14:07,949 - Recording ended
[INFO] 2022-07-21 03:15:13,615 - Cookies Pop-up Shown
[INFO] 2022-07-21 03:15:13,750 - Cookies Pop-up Succesfully Accepted
[INFO] 2022-07-21 03:15:15,328 - Searched for: Funny Videos (default)
[INFO] 2022-07-21 03:15:17,557 - Ad is showing
[INFO] 2022-07-21 03:15:18,149 - Unskippable Ad of 09s
[INFO] 2022-07-21 03:15:28,175 - Ad is showing
[INFO] 2022-07-21 03:15:28,735 - Unskippable Ad of 14s
[INFO] 2022-07-21 03:15:43,768 - Recording Started
[INFO] 2022-07-21 03:15:43,773 - Recording ended
[INFO] 2022-07-21 03:16:40,941 - Cookies Pop-up Shown
[INFO] 2022-07-21 03:16:41,011 - Cookies Pop-up Succesfully Accepted
[INFO] 2022-07-21 03:16:42,621 - Searched for: Funny Videos (default)
[INFO] 2022-07-21 03:16:44,754 - Ad is showing
[INFO] 2022-07-21 03:16:45,349 - Unskippable Ad of 09s
[INFO] 2022-07-21 03:16:55,376 - Ad is showing
[INFO] 2022-07-21 03:16:55,939 - Unskippable Ad of 05s
[INFO] 2022-07-21 03:17:01,955 - Recording Started
[INFO] 2022-07-21 03:17:01,960 - Recording ended
[INFO] 2022-07-21 03:18:23,992 - Cookies Pop-up Shown
[INFO] 2022-07-21 03:18:24,069 - Cookies Pop-up Succesfully Accepted
[INFO] 2022-07-21 03:18:25,644 - Searched for: Funny Videos (default)
[INFO] 2022-07-21 03:18:27,647 - Ad is showing
[INFO] 2022-07-21 03:18:28,271 - Unskippable Ad of 09s
[INFO] 2022-07-21 03:18:38,296 - Ad is showing
[INFO] 2022-07-21 03:18:38,868 - Unskippable Ad of 05s
[INFO] 2022-07-21 03:18:44,894 - Recording Started
[INFO] 2022-07-21 03:18:44,899 - Video recording started
[INFO] 2022-07-21 03:18:45,032 - Audio recording started
[INFO] 2022-07-21 03:18:50,984 - Recording ended
[INFO] 2022-07-21 03:23:44,687 - Cookies Pop-up Shown
[INFO] 2022-07-21 03:23:44,808 - Cookies Pop-up Succesfully Accepted
[INFO] 2022-07-21 03:23:46,464 - Searched for: Funny Videos (default)
[INFO] 2022-07-21 03:23:48,819 - Ad is showing
[INFO] 2022-07-21 03:23:49,485 - Unskippable Ad of 09s
[INFO] 2022-07-21 03:23:59,524 - Ad is showing
[INFO] 2022-07-21 03:24:00,086 - Unskippable Ad of 05s
[INFO] 2022-07-21 03:24:06,103 - Recording Started
[INFO] 2022-07-21 03:24:06,110 - Video recording started
[INFO] 2022-07-21 03:24:06,229 - Audio recording started
[INFO] 2022-07-21 03:24:12,155 - Recording ended
[INFO] 2022-07-21 03:25:28,760 - Cookies Pop-up Shown
[INFO] 2022-07-21 03:25:28,831 - Cookies Pop-up Succesfully Accepted
[INFO] 2022-07-21 03:25:30,460 - Searched for: Funny Videos (default)
[INFO] 2022-07-21 03:25:32,620 - Ad is showing
[INFO] 2022-07-21 03:25:33,253 - Unskippable Ad of 05s
[INFO] 2022-07-21 03:25:39,367 - Ad is showing
[INFO] 2022-07-21 03:25:39,933 - Unskippable Ad of 05s
[INFO] 2022-07-21 03:25:45,948 - Recording Started
[INFO] 2022-07-21 03:25:45,954 - Video recording started
[INFO] 2022-07-21 03:25:46,067 - Audio recording started
[INFO] 2022-07-21 03:25:51,359 - Recording ended
[INFO] 2022-07-21 03:28:32,222 - Cookies Pop-up Shown
[INFO] 2022-07-21 03:28:32,345 - Cookies Pop-up Succesfully Accepted
[INFO] 2022-07-21 03:28:33,883 - Searched for: Funny Videos (default)
[INFO] 2022-07-21 03:28:36,154 - Ad is showing
[INFO] 2022-07-21 03:28:36,778 - Unskippable Ad of 09s
[INFO] 2022-07-21 03:28:46,801 - Ad is showing
[INFO] 2022-07-21 03:28:47,367 - Unskippable Ad of 05s
[INFO] 2022-07-21 03:28:53,392 - Recording Started
[INFO] 2022-07-21 03:28:53,397 - Video recording started
[INFO] 2022-07-21 03:28:53,543 - Audio recording started
[INFO] 2022-07-21 03:28:59,323 - Recording ended
[INFO] 2022-07-21 03:29:26,784 - Cookies Pop-up Shown
[INFO] 2022-07-21 03:29:26,947 - Cookies Pop-up Succesfully Accepted
[INFO] 2022-07-21 03:29:28,513 - Searched for: Funny Videos (default)
[INFO] 2022-07-21 03:29:30,891 - Ad is showing
[INFO] 2022-07-21 03:29:31,483 - Skippable Ad after 5s
[INFO] 2022-07-21 03:29:37,084 - Ad Skipped
[INFO] 2022-07-21 03:29:37,128 - Recording Started
[INFO] 2022-07-21 03:29:37,135 - Video recording started
[INFO] 2022-07-21 03:29:37,288 - Audio recording started
[INFO] 2022-07-21 03:29:42,795 - Recording ended
[INFO] 2022-07-21 03:30:49,550 - Cookies Pop-up Shown
[INFO] 2022-07-21 03:30:49,657 - Cookies Pop-up Succesfully Accepted
[INFO] 2022-07-21 03:30:51,223 - Searched for: Funny Videos (default)
[INFO] 2022-07-21 03:30:53,436 - Ad is showing
[INFO] 2022-07-21 03:30:54,004 - Unskippable Ad of 09s
[INFO] 2022-07-21 03:31:04,032 - Ad is showing
[INFO] 2022-07-21 03:31:04,567 - Skippable Ad after 5s
[INFO] 2022-07-21 03:31:10,186 - Ad Skipped
[INFO] 2022-07-21 03:31:10,208 - Recording Started
[INFO] 2022-07-21 03:31:10,215 - Video recording started
[INFO] 2022-07-21 03:31:10,333 - Audio recording started
[INFO] 2022-07-21 03:31:15,801 - Recording ended
[INFO] 2022-07-21 03:34:11,758 - Cookies Pop-up Shown
[INFO] 2022-07-21 03:34:11,822 - Cookies Pop-up Succesfully Accepted
[INFO] 2022-07-21 03:34:13,521 - Searched for: Funny Videos (default)
[INFO] 2022-07-21 03:34:15,678 - Recording Started
[INFO] 2022-07-21 03:34:15,686 - Video recording started
[INFO] 2022-07-21 03:34:15,807 - Audio recording started
[INFO] 2022-07-21 03:34:21,819 - Recording ended
